Using pre-set license
Built from '2021.3/staging' branch; Version is '2021.3.24f1 (cf10dcf7010d) revision 13570268'; Using compiler version '192829333'; Build Type 'Release'
OS: 'Windows 11  (10.0.22621) 64bit CoreSingleLanguage' Language: 'en' Physical Memory: 16109 MB
BatchMode: 1, IsHumanControllingUs: 0, StartBugReporterOnCrash: 0, Is64bit: 1, IsPro: 1

COMMAND LINE ARGUMENTS:
D:\unity\editor\2021.3.24f1\Editor\Unity.exe
-adb2
-batchMode
-noUpm
-name
AssetImportWorker2
-projectPath
C:/Users/Pramudya/coba
-logFile
Logs/AssetImportWorker2.log
-srvPort
51766
Successfully changed project path to: C:/Users/Pramudya/coba
C:/Users/Pramudya/coba
[UnityMemory] Configuration Parameters - Can be set up in boot.config
    "memorysetup-bucket-allocator-granularity=16"
    "memorysetup-bucket-allocator-bucket-count=8"
    "memorysetup-bucket-allocator-block-size=33554432"
    "memorysetup-bucket-allocator-block-count=8"
    "memorysetup-main-allocator-block-size=16777216"
    "memorysetup-thread-allocator-block-size=16777216"
    "memorysetup-gfx-main-allocator-block-size=16777216"
    "memorysetup-gfx-thread-allocator-block-size=16777216"
    "memorysetup-cache-allocator-block-size=4194304"
    "memorysetup-typetree-allocator-block-size=2097152"
    "memorysetup-profiler-bucket-allocator-granularity=16"
    "memorysetup-profiler-bucket-allocator-bucket-count=8"
    "memorysetup-profiler-bucket-allocator-block-size=33554432"
    "memorysetup-profiler-bucket-allocator-block-count=8"
    "memorysetup-profiler-allocator-block-size=16777216"
    "memorysetup-profiler-editor-allocator-block-size=1048576"
    "memorysetup-temp-allocator-size-main=16777216"
    "memorysetup-job-temp-allocator-block-size=2097152"
    "memorysetup-job-temp-allocator-block-size-background=1048576"
    "memorysetup-job-temp-allocator-reduction-small-platforms=262144"
    "memorysetup-temp-allocator-size-background-worker=32768"
    "memorysetup-temp-allocator-size-job-worker=262144"
    "memorysetup-temp-allocator-size-preload-manager=33554432"
    "memorysetup-temp-allocator-size-nav-mesh-worker=65536"
    "memorysetup-temp-allocator-size-audio-worker=65536"
    "memorysetup-temp-allocator-size-cloud-worker=32768"
    "memorysetup-temp-allocator-size-gi-baking-worker=262144"
    "memorysetup-temp-allocator-size-gfx=262144"
Player connection [2768] Host "[IP] 192.168.1.9 [Port] 0 [Flags] 2 [Guid] 349680352 [EditorId] 349680352 [Version] 1048832 [Id] WindowsEditor(7,LAPTOP-D2OALPHB) [Debug] 1 [PackageName] WindowsEditor [ProjectName] Editor" joined multi-casting on [225.0.0.222:54997]...

Player connection [2768] Host "[IP] 192.168.1.9 [Port] 0 [Flags] 2 [Guid] 349680352 [EditorId] 349680352 [Version] 1048832 [Id] WindowsEditor(7,LAPTOP-D2OALPHB) [Debug] 1 [PackageName] WindowsEditor [ProjectName] Editor" joined alternative multi-casting on [225.0.0.222:34997]...

Refreshing native plugins compatible for Editor in 79.40 ms, found 3 plugins.
Preloading 0 native plugins for Editor in 0.00 ms.
Initialize engine version: 2021.3.24f1 (cf10dcf7010d)
[Subsystems] Discovering subsystems at path D:/unity/editor/2021.3.24f1/Editor/Data/Resources/UnitySubsystems
[Subsystems] Discovering subsystems at path C:/Users/Pramudya/coba/Assets
GfxDevice: creating device client; threaded=0; jobified=0
Direct3D:
    Version:  Direct3D 11.0 [level 11.1]
    Renderer: NVIDIA GeForce RTX 3050 Laptop GPU (ID=0x25a2)
    Vendor:   NVIDIA
    VRAM:     3977 MB
    Driver:   31.0.15.2892
Initialize mono
Mono path[0] = 'D:/unity/editor/2021.3.24f1/Editor/Data/Managed'
Mono path[1] = 'D:/unity/editor/2021.3.24f1/Editor/Data/MonoBleedingEdge/lib/mono/unityjit-win32'
Mono config path = 'D:/unity/editor/2021.3.24f1/Editor/Data/MonoBleedingEdge/etc'
Using monoOptions --debugger-agent=transport=dt_socket,embedding=1,server=y,suspend=n,address=127.0.0.1:56236
Begin MonoManager ReloadAssembly
Registering precompiled unity dll's ...
Register platform support module: D:/unity/editor/2021.3.24f1/Editor/Data/PlaybackEngines/WebGLSupport/UnityEditor.WebGL.Extensions.dll
Register platform support module: D:/unity/editor/2021.3.24f1/Editor/Data/PlaybackEngines/AndroidPlayer/UnityEditor.Android.Extensions.dll
Register platform support module: D:/unity/editor/2021.3.24f1/Editor/Data/PlaybackEngines/WindowsStandaloneSupport/UnityEditor.WindowsStandalone.Extensions.dll
Registered in 0.004213 seconds.
Native extension for WindowsStandalone target not found
Native extension for Android target not found
Android Extension - Scanning For ADB Devices 324 ms
Native extension for WebGL target not found
Refreshing native plugins compatible for Editor in 69.89 ms, found 3 plugins.
Preloading 0 native plugins for Editor in 0.00 ms.
Mono: successfully reloaded assembly
- Completed reload, in  1.105 seconds
Domain Reload Profiling:
	ReloadAssembly (1105ms)
		BeginReloadAssembly (156ms)
			ExecutionOrderSort (0ms)
			DisableScriptedObjects (0ms)
			BackupInstance (0ms)
			ReleaseScriptingObjects (0ms)
			CreateAndSetChildDomain (2ms)
		EndReloadAssembly (790ms)
			LoadAssemblies (155ms)
			RebuildTransferFunctionScriptingTraits (0ms)
			SetupTypeCache (135ms)
			ReleaseScriptCaches (0ms)
			RebuildScriptCaches (27ms)
			SetupLoadedEditorAssemblies (577ms)
				LogAssemblyErrors (0ms)
				InitializePlatformSupportModulesInManaged (383ms)
				SetLoadedEditorAssemblies (0ms)
				RefreshPlugins (70ms)
				BeforeProcessingInitializeOnLoad (1ms)
				ProcessInitializeOnLoadAttributes (84ms)
				ProcessInitializeOnLoadMethodAttributes (39ms)
				AfterProcessingInitializeOnLoad (0ms)
				EditorAssembliesLoaded (0ms)
			ExecutionOrderSort2 (0ms)
			AwakeInstancesAfterBackupRestoration (0ms)
Platform modules already initialized, skipping
Registering precompiled user dll's ...
Registered in 0.006073 seconds.
Begin MonoManager ReloadAssembly
Symbol file LoadedFromMemory doesn't match image C:\Users\Pramudya\coba\Library\PackageCache\com.unity.visualscripting@1.8.0\Editor\VisualScripting.Core\Dependencies\YamlDotNet\Unity.VisualScripting.YamlDotNet.dll
Symbol file LoadedFromMemory doesn't match image C:\Users\Pramudya\coba\Library\PackageCache\com.unity.visualscripting@1.8.0\Editor\VisualScripting.Core\Dependencies\DotNetZip\Unity.VisualScripting.IonicZip.dll
Native extension for WindowsStandalone target not found
Native extension for Android target not found
Native extension for WebGL target not found
Refreshing native plugins compatible for Editor in 0.70 ms, found 3 plugins.
Preloading 0 native plugins for Editor in 0.00 ms.
Package Manager log level set to [2]
Mono: successfully reloaded assembly
- Completed reload, in  1.839 seconds
Domain Reload Profiling:
	ReloadAssembly (1840ms)
		BeginReloadAssembly (195ms)
			ExecutionOrderSort (0ms)
			DisableScriptedObjects (7ms)
			BackupInstance (0ms)
			ReleaseScriptingObjects (0ms)
			CreateAndSetChildDomain (25ms)
		EndReloadAssembly (1362ms)
			LoadAssemblies (161ms)
			RebuildTransferFunctionScriptingTraits (0ms)
			SetupTypeCache (598ms)
			ReleaseScriptCaches (1ms)
			RebuildScriptCaches (57ms)
			SetupLoadedEditorAssemblies (510ms)
				LogAssemblyErrors (0ms)
				InitializePlatformSupportModulesInManaged (52ms)
				SetLoadedEditorAssemblies (2ms)
				RefreshPlugins (1ms)
				BeforeProcessingInitializeOnLoad (74ms)
				ProcessInitializeOnLoadAttributes (354ms)
				ProcessInitializeOnLoadMethodAttributes (25ms)
				AfterProcessingInitializeOnLoad (2ms)
				EditorAssembliesLoaded (0ms)
			ExecutionOrderSort2 (0ms)
			AwakeInstancesAfterBackupRestoration (10ms)
Platform modules already initialized, skipping
========================================================================
Worker process is ready to serve import requests
Launched and connected shader compiler UnityShaderCompiler.exe after 0.12 seconds
Refreshing native plugins compatible for Editor in 0.76 ms, found 3 plugins.
Preloading 0 native plugins for Editor in 0.00 ms.
Unloading 3140 Unused Serialized files (Serialized files now loaded: 0)
Unloading 25 unused Assets / (113.3 KB). Loaded Objects now: 3604.
Memory consumption went from 110.7 MB to 110.5 MB.
Total: 5.548300 ms (FindLiveObjects: 0.291800 ms CreateObjectMapping: 0.210200 ms MarkObjects: 4.646200 ms  DeleteObjects: 0.398400 ms)

AssetImportParameters requested are different than current active one (requested -> active):
  custom:video-decoder-ogg-theora: a1e56fd34408186e4bbccfd4996cb3dc -> 
  custom:container-muxer-webm: aa71ff27fc2769a1b78a27578f13a17b -> 
  custom:container-demuxer-webm: 4f35f7cbe854078d1ac9338744f61a02 -> 
  custom:video-encoder-webm-vp8: eb34c28f22e8b96e1ab97ce403110664 -> 
  custom:video-codec-MediaFoundation-h265: 746d11721c4dcdbdad8f713fa42b33f4 -> 
  custom:audio-encoder-webm-vorbis: bf7c407c2cedff20999df2af8eb42d56 -> 
  custom:framework-win-MediaFoundation: 216162199b28c13a410421893ffa2e32 -> 
  custom:container-demuxer-ogg: 62fdf1f143b41e24485cea50d1cbac27 -> 
  custom:video-decoder-webm-vp8: 9c59270c3fd7afecdb556c50c9e8de78 -> 
  custom:audio-decoder-ogg-vorbis: bf7c407c2cedff20999df2af8eb42d56 -> 
========================================================================
Received Import Request.
  Time since last request: 4184.703312 seconds.
  path: Assets/Simple Garage/Models/White suitcase.001.fbx
  artifactKey: Guid(8e014b5c76aeed444b3aa92be71ef533) Importer(815301076,1909f56bfc062723c751e8b465ee728b)
Start importing Assets/Simple Garage/Models/White suitcase.001.fbx using Guid(8e014b5c76aeed444b3aa92be71ef533) Importer(815301076,1909f56bfc062723c751e8b465ee728b)  -> (artifact id: '38816395dcd54b3f0a70576bad606ba9') in 0.732930 seconds 
========================================================================
Received Prepare
Refreshing native plugins compatible for Editor in 3.93 ms, found 3 plugins.
Preloading 0 native plugins for Editor in 0.00 ms.
Unloading 17 Unused Serialized files (Serialized files now loaded: 0)
Unloading 17 unused Assets / (77.1 KB). Loaded Objects now: 3649.
Memory consumption went from 52.6 MB to 52.5 MB.
Total: 4.078800 ms (FindLiveObjects: 0.231200 ms CreateObjectMapping: 0.095900 ms MarkObjects: 3.670000 ms  DeleteObjects: 0.080600 ms)

AssetImportParameters requested are different than current active one (requested -> active):
  custom:video-decoder-ogg-theora: a1e56fd34408186e4bbccfd4996cb3dc -> 
  custom:container-muxer-webm: aa71ff27fc2769a1b78a27578f13a17b -> 
  custom:container-demuxer-webm: 4f35f7cbe854078d1ac9338744f61a02 -> 
  custom:video-encoder-webm-vp8: eb34c28f22e8b96e1ab97ce403110664 -> 
  custom:video-codec-MediaFoundation-h265: 746d11721c4dcdbdad8f713fa42b33f4 -> 
  custom:audio-encoder-webm-vorbis: bf7c407c2cedff20999df2af8eb42d56 -> 
  custom:framework-win-MediaFoundation: 216162199b28c13a410421893ffa2e32 -> 
  custom:container-demuxer-ogg: 62fdf1f143b41e24485cea50d1cbac27 -> 
  custom:video-decoder-webm-vp8: 9c59270c3fd7afecdb556c50c9e8de78 -> 
  custom:audio-decoder-ogg-vorbis: bf7c407c2cedff20999df2af8eb42d56 -> 
========================================================================
Received Prepare
Refreshing native plugins compatible for Editor in 3.36 ms, found 3 plugins.
Preloading 0 native plugins for Editor in 0.00 ms.
Unloading 17 Unused Serialized files (Serialized files now loaded: 0)
Unloading 17 unused Assets / (77.1 KB). Loaded Objects now: 3649.
Memory consumption went from 52.6 MB to 52.5 MB.
Total: 4.269200 ms (FindLiveObjects: 0.227400 ms CreateObjectMapping: 0.236300 ms MarkObjects: 3.703600 ms  DeleteObjects: 0.099900 ms)

AssetImportParameters requested are different than current active one (requested -> active):
  custom:graphics/default-texture-compression-format: 03000000000000000000000000000000 -> 04000000000000000000000000000000
  custom:video-decoder-ogg-theora: a1e56fd34408186e4bbccfd4996cb3dc -> 
  custom:container-muxer-webm: aa71ff27fc2769a1b78a27578f13a17b -> 
  custom:container-demuxer-webm: 4f35f7cbe854078d1ac9338744f61a02 -> 
  custom:video-encoder-webm-vp8: eb34c28f22e8b96e1ab97ce403110664 -> 
  custom:video-codec-MediaFoundation-h265: 746d11721c4dcdbdad8f713fa42b33f4 -> 
  custom:audio-encoder-webm-vorbis: bf7c407c2cedff20999df2af8eb42d56 -> 
  custom:framework-win-MediaFoundation: 216162199b28c13a410421893ffa2e32 -> 
  custom:container-demuxer-ogg: 62fdf1f143b41e24485cea50d1cbac27 -> 
  custom:video-decoder-webm-vp8: 9c59270c3fd7afecdb556c50c9e8de78 -> 
  custom:audio-decoder-ogg-vorbis: bf7c407c2cedff20999df2af8eb42d56 -> 
========================================================================
Received Import Request.
  Time since last request: 1011.469028 seconds.
  path: Assets/Simple Garage/Models/3 shelves.fbx
  artifactKey: Guid(1436e4d03ae5d464aa6a43bf8c6f5743) Importer(815301076,1909f56bfc062723c751e8b465ee728b)
Start importing Assets/Simple Garage/Models/3 shelves.fbx using Guid(1436e4d03ae5d464aa6a43bf8c6f5743) Importer(815301076,1909f56bfc062723c751e8b465ee728b)  -> (artifact id: '9b6463ea44ba03b9b962a98dab96ed91') in 0.268345 seconds 
========================================================================
Received Import Request.
  Time since last request: 0.000030 seconds.
  path: Assets/Simple Garage/Models/Locker.fbx
  artifactKey: Guid(1d5d7e0445e52774e839fe045a67c136) Importer(815301076,1909f56bfc062723c751e8b465ee728b)
Start importing Assets/Simple Garage/Models/Locker.fbx using Guid(1d5d7e0445e52774e839fe045a67c136) Importer(815301076,1909f56bfc062723c751e8b465ee728b)  -> (artifact id: 'e97284940bbbe6bf97da175f86749b8b') in 0.071476 seconds 
========================================================================
Received Import Request.
  Time since last request: 0.004156 seconds.
  path: Assets/Simple Garage/Models/Longboard.fbx
  artifactKey: Guid(327d01924b7231d47883fe1d588cfbc3) Importer(815301076,1909f56bfc062723c751e8b465ee728b)
Start importing Assets/Simple Garage/Models/Longboard.fbx using Guid(327d01924b7231d47883fe1d588cfbc3) Importer(815301076,1909f56bfc062723c751e8b465ee728b)  -> (artifact id: 'c3a2003adb4f1388548bc42b7de8a2dd') in 0.111172 seconds 
========================================================================
Received Import Request.
  Time since last request: 0.000028 seconds.
  path: Assets/Simple Garage/Models/Clamps.fbx
  artifactKey: Guid(f9176ded31cec7b49a01685aa5d28e07) Importer(815301076,1909f56bfc062723c751e8b465ee728b)
Start importing Assets/Simple Garage/Models/Clamps.fbx using Guid(f9176ded31cec7b49a01685aa5d28e07) Importer(815301076,1909f56bfc062723c751e8b465ee728b)  -> (artifact id: '7d9a7ed2856db8456c32b2bd73b43ba1') in 0.057726 seconds 
========================================================================
Received Import Request.
  Time since last request: 0.000023 seconds.
  path: Assets/Simple Garage/Models/Large corner shelf.fbx
  artifactKey: Guid(855de4ea21d5fe2428038de2e0d0371f) Importer(815301076,1909f56bfc062723c751e8b465ee728b)
Start importing Assets/Simple Garage/Models/Large corner shelf.fbx using Guid(855de4ea21d5fe2428038de2e0d0371f) Importer(815301076,1909f56bfc062723c751e8b465ee728b)  -> (artifact id: 'affb0e95882da16b2892fc0d1734a13b') in 0.153683 seconds 
========================================================================
Received Import Request.
  Time since last request: 0.000037 seconds.
  path: Assets/Simple Garage/Models/White suitcase.002.fbx
  artifactKey: Guid(ed717cf5527eff748ace6df57db2e2b4) Importer(815301076,1909f56bfc062723c751e8b465ee728b)
Start importing Assets/Simple Garage/Models/White suitcase.002.fbx using Guid(ed717cf5527eff748ace6df57db2e2b4) Importer(815301076,1909f56bfc062723c751e8b465ee728b)  -> (artifact id: 'c3038f0e951757af63415c6e638c7bd3') in 0.049300 seconds 
========================================================================
Received Import Request.
  Time since last request: 0.000046 seconds.
  path: Assets/Simple Garage/Models/Ridgid oscillating belt sander.fbx
  artifactKey: Guid(6bf857a61a1ede54ab81a1649be6c9e0) Importer(815301076,1909f56bfc062723c751e8b465ee728b)
Start importing Assets/Simple Garage/Models/Ridgid oscillating belt sander.fbx using Guid(6bf857a61a1ede54ab81a1649be6c9e0) Importer(815301076,1909f56bfc062723c751e8b465ee728b)  -> (artifact id: 'ee68ea175c339cf11e815591950932aa') in 0.051571 seconds 
========================================================================
Received Import Request.
  Time since last request: 0.000031 seconds.
  path: Assets/Simple Garage/Models/Black suitcase.fbx
  artifactKey: Guid(c5c9be30d805efd40b01a9be27ef4b62) Importer(815301076,1909f56bfc062723c751e8b465ee728b)
Start importing Assets/Simple Garage/Models/Black suitcase.fbx using Guid(c5c9be30d805efd40b01a9be27ef4b62) Importer(815301076,1909f56bfc062723c751e8b465ee728b)  -> (artifact id: 'd8c6b4bce6b9a9901319f0354c87166f') in 0.055317 seconds 
========================================================================
Received Import Request.
  Time since last request: 0.000030 seconds.
  path: Assets/Simple Garage/Models/Big shelf.fbx
  artifactKey: Guid(d7d3fa1e450020e42b694021662529cc) Importer(815301076,1909f56bfc062723c751e8b465ee728b)
Start importing Assets/Simple Garage/Models/Big shelf.fbx using Guid(d7d3fa1e450020e42b694021662529cc) Importer(815301076,1909f56bfc062723c751e8b465ee728b)  -> (artifact id: '057d016e032c74f1aced2b306c087481') in 0.118246 seconds 
========================================================================
Received Import Request.
  Time since last request: 0.000029 seconds.
  path: Assets/Simple Garage/Models/Table.fbx
  artifactKey: Guid(3434c0b847ea9854cbf6ca7ed69f8a4c) Importer(815301076,1909f56bfc062723c751e8b465ee728b)
Start importing Assets/Simple Garage/Models/Table.fbx using Guid(3434c0b847ea9854cbf6ca7ed69f8a4c) Importer(815301076,1909f56bfc062723c751e8b465ee728b)  -> (artifact id: '01a6ca68d06d3b9d96cceb1aaf4ea92f') in 0.093599 seconds 
========================================================================
Received Import Request.
  Time since last request: 0.000030 seconds.
  path: Assets/Simple Garage/Models/Red suitcase.fbx
  artifactKey: Guid(317ca1a0c8a7425428605b4f094ed3cf) Importer(815301076,1909f56bfc062723c751e8b465ee728b)
Start importing Assets/Simple Garage/Models/Red suitcase.fbx using Guid(317ca1a0c8a7425428605b4f094ed3cf) Importer(815301076,1909f56bfc062723c751e8b465ee728b)  -> (artifact id: 'f0b5008e6e0b9b22f63801e67a6b71a0') in 0.067912 seconds 
========================================================================
Received Import Request.
  Time since last request: 0.000024 seconds.
  path: Assets/Simple Garage/Models/Shelf.fbx
  artifactKey: Guid(7316845734f527d4aaba29d50932acf5) Importer(815301076,1909f56bfc062723c751e8b465ee728b)
Start importing Assets/Simple Garage/Models/Shelf.fbx using Guid(7316845734f527d4aaba29d50932acf5) Importer(815301076,1909f56bfc062723c751e8b465ee728b)  -> (artifact id: '29189cd728198d6784fa6f0c41330621') in 0.098579 seconds 
========================================================================
Received Import Request.
  Time since last request: 0.000022 seconds.
  path: Assets/Simple Garage/Models/Camouflage suitcase.fbx
  artifactKey: Guid(0110015a6c2dc6a4f922574f1e6115cb) Importer(815301076,1909f56bfc062723c751e8b465ee728b)
Start importing Assets/Simple Garage/Models/Camouflage suitcase.fbx using Guid(0110015a6c2dc6a4f922574f1e6115cb) Importer(815301076,1909f56bfc062723c751e8b465ee728b)  -> (artifact id: '45de08fe1775be76b7693604641d886c') in 0.066120 seconds 
========================================================================
Received Import Request.
  Time since last request: 0.000023 seconds.
  path: Assets/Simple Garage/Models/Carpet.fbx
  artifactKey: Guid(62e6a133af26dbf498fed56d24553c84) Importer(815301076,1909f56bfc062723c751e8b465ee728b)
Start importing Assets/Simple Garage/Models/Carpet.fbx using Guid(62e6a133af26dbf498fed56d24553c84) Importer(815301076,1909f56bfc062723c751e8b465ee728b)  -> (artifact id: '4b9a5f1b85d3d1b0f945a36b379f5842') in 0.046406 seconds 
========================================================================
Received Import Request.
  Time since last request: 0.000031 seconds.
  path: Assets/Simple Garage/Models/Drilling machine.fbx
  artifactKey: Guid(90c9e6438ec56844bab86842983559bd) Importer(815301076,1909f56bfc062723c751e8b465ee728b)
Start importing Assets/Simple Garage/Models/Drilling machine.fbx using Guid(90c9e6438ec56844bab86842983559bd) Importer(815301076,1909f56bfc062723c751e8b465ee728b)  -> (artifact id: '21bd927305a60a388f9f7ba90a1c1176') in 0.159771 seconds 
========================================================================
Received Import Request.
  Time since last request: 0.000022 seconds.
  path: Assets/Simple Garage/Models/Saw.fbx
  artifactKey: Guid(bc7f2b2496b7d5e42aeff231458e580d) Importer(815301076,1909f56bfc062723c751e8b465ee728b)
Start importing Assets/Simple Garage/Models/Saw.fbx using Guid(bc7f2b2496b7d5e42aeff231458e580d) Importer(815301076,1909f56bfc062723c751e8b465ee728b)  -> (artifact id: '2319c8aef07da43bb9d01dada0f19fe8') in 0.311756 seconds 
========================================================================
Received Import Request.
  Time since last request: 0.000023 seconds.
  path: Assets/Simple Garage/Models/White suitcase.fbx
  artifactKey: Guid(9da4e6e9dbea8e8498df7878310535ef) Importer(815301076,1909f56bfc062723c751e8b465ee728b)
Start importing Assets/Simple Garage/Models/White suitcase.fbx using Guid(9da4e6e9dbea8e8498df7878310535ef) Importer(815301076,1909f56bfc062723c751e8b465ee728b)  -> (artifact id: '41c536b8a0c83b281e51e2bde70aef8d') in 0.048798 seconds 
========================================================================
Received Import Request.
  Time since last request: 0.000033 seconds.
  path: Assets/Simple Garage/Models/Garage door.fbx
  artifactKey: Guid(0ef15bbf0c3f08646b1812c663767007) Importer(815301076,1909f56bfc062723c751e8b465ee728b)
Start importing Assets/Simple Garage/Models/Garage door.fbx using Guid(0ef15bbf0c3f08646b1812c663767007) Importer(815301076,1909f56bfc062723c751e8b465ee728b)  -> (artifact id: '097c1084511698756ea441e5bc00bbe2') in 0.031601 seconds 
========================================================================
Received Import Request.
  Time since last request: 0.000021 seconds.
  path: Assets/Simple Garage/Models/Exterior.fbx
  artifactKey: Guid(05a30d1750f15df4e9f9d43f92e779ca) Importer(815301076,1909f56bfc062723c751e8b465ee728b)
Start importing Assets/Simple Garage/Models/Exterior.fbx using Guid(05a30d1750f15df4e9f9d43f92e779ca) Importer(815301076,1909f56bfc062723c751e8b465ee728b)  -> (artifact id: '2af05be15bc3a69aa62d83e6e2ae4406') in 0.479207 seconds 
Editor requested this worker to shutdown with reason: Scaling down because of idle timeout
AssetImportWorkerClient::OnTransportError - code=2 error=End of file
AssetImportWorker is now disconnected from the server
Process exiting
Exiting without the bug reporter. Application will terminate with return code 0